[INFO] Scanning for projects...
[INFO] 
[INFO] ------------------< com.denial:denial-knowledge-bot >-------------------
[INFO] Building denial-knowledge-bot 0.0.1-SNAPSHOT
[INFO]   from pom.xml
[INFO] --------------------------------[ jar ]---------------------------------
[INFO] 
[INFO] >>> spring-boot:3.2.1:run (default-cli) > test-compile @ denial-knowledge-bot >>>
[WARNING] The artifact mysql:mysql-connector-java:jar:8.0.33 has been relocated to com.mysql:mysql-connector-j:jar:8.0.33: MySQL Connector/J artifacts moved to reverse-DNS compliant Maven 2+ coordinates.
[INFO] 
[INFO] --- resources:3.3.1:resources (default-resources) @ denial-knowledge-bot ---
[INFO] Copying 1 resource from src\main\resources to target\classes
[INFO] Copying 0 resource from src\main\resources to target\classes
[INFO] 
[INFO] --- compiler:3.11.0:compile (default-compile) @ denial-knowledge-bot ---
[INFO] Changes detected - recompiling the module! :source
[INFO] Compiling 20 source files with javac [debug release 17] to target\classes
[INFO] Annotation processing is enabled because one or more processors were found
  on the class path. A future release of javac may disable annotation processing
  unless at least one processor is specified by name (-processor), or a search
  path is specified (--processor-path, --processor-module-path), or annotation
  processing is enabled explicitly (-proc:only, -proc:full).
  Use -Xlint:-options to suppress this message.
  Use -proc:none to disable annotation processing.
[INFO] /C:/Users/muthu/Downloads/csr-terminal/csr-terminal/Backend_CSR_Denial_Knowledge_Bot/src/main/java/com/denial/bot/controller/SmartQueryController.java: Some input files use unchecked or unsafe operations.
[INFO] /C:/Users/muthu/Downloads/csr-terminal/csr-terminal/Backend_CSR_Denial_Knowledge_Bot/src/main/java/com/denial/bot/controller/SmartQueryController.java: Recompile with -Xlint:unchecked for details.
[INFO] 
[INFO] --- resources:3.3.1:testResources (default-testResources) @ denial-knowledge-bot ---
[INFO] skip non existing resourceDirectory C:\Users\muthu\Downloads\csr-terminal\csr-terminal\Backend_CSR_Denial_Knowledge_Bot\src\test\resources
[INFO] 
[INFO] --- compiler:3.11.0:testCompile (default-testCompile) @ denial-knowledge-bot ---
[INFO] Changes detected - recompiling the module! :dependency
[INFO] Compiling 1 source file with javac [debug release 17] to target\test-classes
[INFO] Annotation processing is enabled because one or more processors were found
  on the class path. A future release of javac may disable annotation processing
  unless at least one processor is specified by name (-processor), or a search
  path is specified (--processor-path, --processor-module-path), or annotation
  processing is enabled explicitly (-proc:only, -proc:full).
  Use -Xlint:-options to suppress this message.
  Use -proc:none to disable annotation processing.
[INFO] 
[INFO] <<< spring-boot:3.2.1:run (default-cli) < test-compile @ denial-knowledge-bot <<<
[INFO] 
[INFO] 
[INFO] --- spring-boot:3.2.1:run (default-cli) @ denial-knowledge-bot ---
[INFO] Attaching agents: []
Standard Commons Logging discovery in action with spring-jcl: please remove commons-logging.jar from classpath in order to avoid potential conflicts

  .   ____          _            __ _ _
 /\\ / ___'_ __ _ _(_)_ __  __ _ \ \ \ \
( ( )\___ | '_ | '_| | '_ \/ _` | \ \ \ \
 \\/  ___)| |_)| | | | | || (_| |  ) ) ) )
  '  |____| .__|_| |_|_| |_\__, | / / / /
 =========|_|==============|___/=/_/_/_/
 :: Spring Boot ::                (v3.2.1)

2026-06-28T18:43:38.962+05:30  INFO 1084 --- [           main] c.d.bot.DenialKnowledgeBotApplication    : Starting DenialKnowledgeBotApplication using Java 21.0.9 with PID 1084 (C:\Users\muthu\Downloads\csr-terminal\csr-terminal\Backend_CSR_Denial_Knowledge_Bot\target\classes started by muthu in C:\Users\muthu\Downloads\csr-terminal\csr-terminal\Backend_CSR_Denial_Knowledge_Bot)
2026-06-28T18:43:38.963+05:30  INFO 1084 --- [           main] c.d.bot.DenialKnowledgeBotApplication    : No active profile set, falling back to 1 default profile: "default"
2026-06-28T18:43:39.570+05:30  INFO 1084 --- [           main] .s.d.r.c.RepositoryConfigurationDelegate : Bootstrapping Spring Data JPA repositories in DEFAULT mode.
2026-06-28T18:43:39.629+05:30  INFO 1084 --- [           main] .s.d.r.c.RepositoryConfigurationDelegate : Finished Spring Data repository scanning in 51 ms. Found 2 JPA repository interfaces.
2026-06-28T18:43:40.170+05:30  INFO 1084 --- [           main] o.s.b.w.embedded.tomcat.TomcatWebServer  : Tomcat initialized with port 8081 (http)
2026-06-28T18:43:40.184+05:30  INFO 1084 --- [           main] o.apache.catalina.core.StandardService   : Starting service [Tomcat]
2026-06-28T18:43:40.184+05:30  INFO 1084 --- [           main] o.apache.catalina.core.StandardEngine    : Starting Servlet engine: [Apache Tomcat/10.1.17]
2026-06-28T18:43:40.266+05:30  INFO 1084 --- [           main] o.a.c.c.C.[Tomcat].[localhost].[/]       : Initializing Spring embedded WebApplicationContext
2026-06-28T18:43:40.267+05:30  INFO 1084 --- [           main] w.s.c.ServletWebServerApplicationContext : Root WebApplicationContext: initialization completed in 1268 ms
Standard Commons Logging discovery in action with spring-jcl: please remove commons-logging.jar from classpath in order to avoid potential conflicts
2026-06-28T18:43:40.384+05:30  INFO 1084 --- [           main] o.hibernate.jpa.internal.util.LogHelper  : HHH000204: Processing PersistenceUnitInfo [name: default]
2026-06-28T18:43:40.455+05:30  INFO 1084 --- [           main] org.hibernate.Version                    : HHH000412: Hibernate ORM core version 6.4.1.Final
2026-06-28T18:43:40.491+05:30  INFO 1084 --- [           main] o.h.c.internal.RegionFactoryInitiator    : HHH000026: Second-level cache disabled
2026-06-28T18:43:40.727+05:30  INFO 1084 --- [           main] o.s.o.j.p.SpringPersistenceUnitInfo      : No LoadTimeWeaver setup: ignoring JPA class transformer
2026-06-28T18:43:40.765+05:30  INFO 1084 --- [           main] com.zaxxer.hikari.HikariDataSource       : HikariPool-1 - Starting...
2026-06-28T18:43:40.926+05:30  INFO 1084 --- [           main] com.zaxxer.hikari.pool.HikariPool        : HikariPool-1 - Added connection com.mysql.cj.jdbc.ConnectionImpl@1c7f6e96
2026-06-28T18:43:40.928+05:30  INFO 1084 --- [           main] com.zaxxer.hikari.HikariDataSource       : HikariPool-1 - Start completed.
2026-06-28T18:43:40.970+05:30  WARN 1084 --- [           main] org.hibernate.orm.deprecation            : HHH90000025: MySQL8Dialect does not need to be specified explicitly using 'hibernate.dialect' (remove the property setting and it will be selected by default)
2026-06-28T18:43:40.971+05:30  WARN 1084 --- [           main] org.hibernate.orm.deprecation            : HHH90000026: MySQL8Dialect has been deprecated; use org.hibernate.dialect.MySQLDialect instead
2026-06-28T18:43:41.888+05:30  INFO 1084 --- [           main] o.h.e.t.j.p.i.JtaPlatformInitiator       : HHH000489: No JTA platform available (set 'hibernate.transaction.jta.platform' to enable JTA platform integration)
2026-06-28T18:43:41.993+05:30  INFO 1084 --- [           main] j.LocalContainerEntityManagerFactoryBean : Initialized JPA EntityManagerFactory for persistence unit 'default'
2026-06-28T18:43:42.476+05:30  WARN 1084 --- [           main] c.denial.bot.config.FirebaseAdminConfig  : Firebase Application Default Credentials not available. Firebase features will be disabled.
2026-06-28T18:43:42.476+05:30  WARN 1084 --- [           main] c.denial.bot.config.FirebaseAdminConfig  : To enable Firebase: Set GOOGLE_APPLICATION_CREDENTIALS environment variable or provide firebase.service-account.path in application.properties
2026-06-28T18:43:42.493+05:30  INFO 1084 --- [           main] com.denial.bot.service.AuthService       : AuthService initialized, jwtExpirationMs=86400000
2026-06-28T18:43:42.610+05:30  INFO 1084 --- [           main] o.s.d.j.r.query.QueryEnhancerFactory     : Hibernate is in classpath; If applicable, HQL parser will be used.
2026-06-28T18:43:42.993+05:30  WARN 1084 --- [           main] JpaBaseConfiguration$JpaWebConfiguration : spring.jpa.open-in-view is enabled by default. Therefore, database queries may be performed during view rendering. Explicitly configure spring.jpa.open-in-view to disable this warning
2026-06-28T18:43:43.207+05:30  INFO 1084 --- [           main] o.s.s.web.DefaultSecurityFilterChain     : Will secure any request with [org.springframework.security.web.session.DisableEncodeUrlFilter@5ded2dfc, org.springframework.security.web.context.request.async.WebAsyncManagerIntegrationFilter@22ac1a0d, org.springframework.security.web.context.SecurityContextHolderFilter@765ccc7a, org.springframework.security.web.header.HeaderWriterFilter@24a5ddd7, org.springframework.web.filter.CorsFilter@1895f7fe, org.springframework.security.web.authentication.logout.LogoutFilter@46da7d39, com.denial.bot.config.FirebaseAuthenticationFilter@662e5590, org.springframework.security.web.savedrequest.RequestCacheAwareFilter@71de943f, org.springframework.security.web.servletapi.SecurityContextHolderAwareRequestFilter@5e756b8d, org.springframework.security.web.authentication.AnonymousAuthenticationFilter@3a4181ba, org.springframework.security.web.session.SessionManagementFilter@679f3e12, org.springframework.security.web.access.ExceptionTranslationFilter@42e20500, org.springframework.security.web.access.intercept.AuthorizationFilter@182ce25e]
2026-06-28T18:43:43.459+05:30  INFO 1084 --- [           main] o.s.b.w.embedded.tomcat.TomcatWebServer  : Tomcat started on port 8081 (http) with context path ''
2026-06-28T18:43:43.469+05:30  INFO 1084 --- [           main] c.d.bot.DenialKnowledgeBotApplication    : Started DenialKnowledgeBotApplication in 4.808 seconds (process running for 5.148)
[INFO] ------------------------------------------------------------------------
[INFO] BUILD FAILURE
[INFO] ------------------------------------------------------------------------
[INFO] Total time:  08:39 min
[INFO] Finished at: 2026-06-28T18:52:07+05:30
[INFO] ------------------------------------------------------------------------
[ERROR] Failed to execute goal org.springframework.boot:spring-boot-maven-plugin:3.2.1:run (default-cli) on project denial-knowledge-bot: Process terminated with exit code: 1 -> [Help 1]
[ERROR] 
[ERROR] To see the full stack trace of the errors, re-run Maven with the -e switch.
[ERROR] Re-run Maven using the -X switch to enable full debug logging.
[ERROR] 
[ERROR] For more information about the errors and possible solutions, please read the following articles:
[ERROR] [Help 1] http://cwiki.apache.org/confluence/display/MAVEN/MojoExecutionException
